1582655079348	geckodriver	INFO	geckodriver 0.19.1
1582655079362	geckodriver	INFO	Listening on 127.0.0.1:36911
1582655080638	mozrunner::runner	INFO	Running command: "/usr/bin/firefox" "-marionette" "-headless" "-profile" "/tmp/rust_mozprofile.nGHG96CsKtLT"
*** You are running in headless mode.
1582655084512	addons.webextension.doh-rollout@mozilla.org	WARN	Loading extension 'doh-rollout@mozilla.org': Reading manifest: Invalid extension permission: networkStatus
1582655086139	addons.webextension.screenshots@mozilla.org	WARN	Loading extension 'screenshots@mozilla.org': Reading manifest: Invalid extension permission: mozillaAddons
1582655086139	addons.webextension.screenshots@mozilla.org	WARN	Loading extension 'screenshots@mozilla.org': Reading manifest: Invalid extension permission: telemetry
1582655086139	addons.webextension.screenshots@mozilla.org	WARN	Loading extension 'screenshots@mozilla.org': Reading manifest: Invalid extension permission: resource://pdf.js/
1582655086139	addons.webextension.screenshots@mozilla.org	WARN	Loading extension 'screenshots@mozilla.org': Reading manifest: Invalid extension permission: about:reader*
1582655086906	Marionette	TRACE	Received observer notification profile-after-change
1582655087210	Marionette	TRACE	Received observer notification command-line-startup
1582655087210	Marionette	DEBUG	Init aborted (running=false, enabled=true, finalUIStartup=false)
1582655087797	Marionette	TRACE	Received observer notification toplevel-window-ready
1582655093301	Marionette	TRACE	Received observer notification marionette-startup-requested
1582655093302	Marionette	TRACE	Waiting until startup recorder finished recording startup scripts...
1582655093426	Marionette	TRACE	All scripts recorded.
1582655093427	Marionette	DEBUG	Setting recommended pref app.update.disabledForTesting to true
1582655093427	Marionette	DEBUG	Setting recommended pref browser.contentblocking.introCount to 99
1582655093428	Marionette	DEBUG	Setting recommended pref browser.tabs.remote.separatePrivilegedContentProcess to false
1582655093428	Marionette	DEBUG	Setting recommended pref browser.tabs.unloadOnLowMemory to false
1582655093428	Marionette	DEBUG	Setting recommended pref datareporting.policy.dataSubmissionPolicyAccepted to false
1582655093428	Marionette	DEBUG	Setting recommended pref dom.disable_beforeunload to true
1582655093429	Marionette	DEBUG	Setting recommended pref dom.push.connection.enabled to false
1582655093431	Marionette	DEBUG	Setting recommended pref privacy.trackingprotection.enabled to false
1582655093432	Marionette	DEBUG	Setting recommended pref security.certerrors.mitm.priming.enabled to false
1582655093433	Marionette	DEBUG	Setting recommended pref toolkit.cosmeticAnimations.enabled to false
1582655093629	Marionette	INFO	Listening on port 45095
1582655093629	Marionette	DEBUG	Marionette is listening
1582655093677	Marionette	DEBUG	Accepted connection 0 from 127.0.0.1:59284
1582655093691	Marionette	DEBUG	0 -> [0,1,"newSession",{"acceptInsecureCerts":true,"browserName":"firefox","capabilities":{"desiredCapabilities":{"acceptInsecureCerts":true,"browserName":"firefox"}}}]
1582655093692	Marionette	DEBUG	0 <- [1,1,{"error":"unknown command","message":"newSession","stacktrace":"WebDriverError@chrome://marionette/content/error.js:175: ... t@chrome://marionette/content/server.js:249:9\n_onJSONObjectReady/<@chrome://marionette/content/transport.js:501:20\n"},null]
Exiting due to channel error.
Exiting due to channel error.
Exiting due to channel error.
1583856803452	geckodriver	INFO	geckodriver 0.19.1
1583856803460	geckodriver	INFO	Listening on 127.0.0.1:51433
1583856805028	mozrunner::runner	INFO	Running command: "/usr/bin/firefox" "-marionette" "-headless" "-profile" "/tmp/rust_mozprofile.2TTUoeI9SS1T"
*** You are running in headless mode.
1583856811202	addons.webextension.doh-rollout@mozilla.org	WARN	Loading extension 'doh-rollout@mozilla.org': Reading manifest: Invalid extension permission: networkStatus
1583856814842	addons.webextension.screenshots@mozilla.org	WARN	Loading extension 'screenshots@mozilla.org': Reading manifest: Invalid extension permission: mozillaAddons
1583856814843	addons.webextension.screenshots@mozilla.org	WARN	Loading extension 'screenshots@mozilla.org': Reading manifest: Invalid extension permission: telemetry
1583856814843	addons.webextension.screenshots@mozilla.org	WARN	Loading extension 'screenshots@mozilla.org': Reading manifest: Invalid extension permission: resource://pdf.js/
1583856814843	addons.webextension.screenshots@mozilla.org	WARN	Loading extension 'screenshots@mozilla.org': Reading manifest: Invalid extension permission: about:reader*
1583856815284	Marionette	TRACE	Received observer notification profile-after-change
1583856815769	Marionette	TRACE	Received observer notification command-line-startup
1583856815769	Marionette	DEBUG	Init aborted (running=false, enabled=true, finalUIStartup=false)
1583856816477	Marionette	TRACE	Received observer notification toplevel-window-ready
1583856823800	Marionette	TRACE	Received observer notification marionette-startup-requested
1583856823801	Marionette	TRACE	Waiting until startup recorder finished recording startup scripts...
1583856823922	Marionette	TRACE	All scripts recorded.
1583856823922	Marionette	DEBUG	Setting recommended pref app.update.disabledForTesting to true
1583856823923	Marionette	DEBUG	Setting recommended pref browser.contentblocking.introCount to 99
1583856823923	Marionette	DEBUG	Setting recommended pref browser.tabs.remote.separatePrivilegedContentProcess to false
1583856823923	Marionette	DEBUG	Setting recommended pref browser.tabs.unloadOnLowMemory to false
1583856823924	Marionette	DEBUG	Setting recommended pref datareporting.policy.dataSubmissionPolicyAccepted to false
1583856823924	Marionette	DEBUG	Setting recommended pref dom.disable_beforeunload to true
1583856823924	Marionette	DEBUG	Setting recommended pref dom.push.connection.enabled to false
1583856823927	Marionette	DEBUG	Setting recommended pref privacy.trackingprotection.enabled to false
1583856823928	Marionette	DEBUG	Setting recommended pref security.certerrors.mitm.priming.enabled to false
1583856823931	Marionette	DEBUG	Setting recommended pref toolkit.cosmeticAnimations.enabled to false
1583856824478	Marionette	INFO	Listening on port 39891
1583856824478	Marionette	DEBUG	Marionette is listening
1583856824502	Marionette	DEBUG	Accepted connection 0 from 127.0.0.1:58282
1583856824511	Marionette	DEBUG	0 -> [0,1,"newSession",{"acceptInsecureCerts":true,"browserName":"firefox","capabilities":{"desiredCapabilities":{"acceptInsecureCerts":true,"browserName":"firefox"}}}]
1583856824512	Marionette	DEBUG	0 <- [1,1,{"error":"unknown command","message":"newSession","stacktrace":"WebDriverError@chrome://marionette/content/error.js:175: ... t@chrome://marionette/content/server.js:249:9\n_onJSONObjectReady/<@chrome://marionette/content/transport.js:501:20\n"},null]
Exiting due to channel error.
Exiting due to channel error.
[GFX1-]: Receive IPC close with reason=AbnormalShutdown
Exiting due to channel error.
1583857063013	geckodriver	INFO	geckodriver 0.19.1
1583857063018	geckodriver	INFO	Listening on 127.0.0.1:37939
1583857064194	mozrunner::runner	INFO	Running command: "/usr/bin/firefox" "-marionette" "-profile" "/tmp/rust_mozprofile.dlYWzmPVzd3T"
1583857064984	addons.webextension.doh-rollout@mozilla.org	WARN	Loading extension 'doh-rollout@mozilla.org': Reading manifest: Invalid extension permission: networkStatus
1583857066745	addons.webextension.screenshots@mozilla.org	WARN	Loading extension 'screenshots@mozilla.org': Reading manifest: Invalid extension permission: mozillaAddons
1583857066745	addons.webextension.screenshots@mozilla.org	WARN	Loading extension 'screenshots@mozilla.org': Reading manifest: Invalid extension permission: telemetry
1583857066745	addons.webextension.screenshots@mozilla.org	WARN	Loading extension 'screenshots@mozilla.org': Reading manifest: Invalid extension permission: resource://pdf.js/
1583857066745	addons.webextension.screenshots@mozilla.org	WARN	Loading extension 'screenshots@mozilla.org': Reading manifest: Invalid extension permission: about:reader*
1583857066913	Marionette	TRACE	Received observer notification profile-after-change
1583857067022	Marionette	TRACE	Received observer notification command-line-startup
1583857067023	Marionette	DEBUG	Init aborted (running=false, enabled=true, finalUIStartup=false)

(firefox:8240): Gtk-WARNING **: 17:17:47.079: Theme file for DMZ-White has no directories
1583857067296	Marionette	TRACE	Received observer notification toplevel-window-ready
1583857069811	Marionette	TRACE	Received observer notification marionette-startup-requested
1583857069811	Marionette	TRACE	Waiting until startup recorder finished recording startup scripts...
1583857069821	Marionette	TRACE	All scripts recorded.
1583857069822	Marionette	DEBUG	Setting recommended pref app.update.disabledForTesting to true
1583857069822	Marionette	DEBUG	Setting recommended pref browser.contentblocking.introCount to 99
1583857069823	Marionette	DEBUG	Setting recommended pref browser.tabs.remote.separatePrivilegedContentProcess to false
1583857069823	Marionette	DEBUG	Setting recommended pref browser.tabs.unloadOnLowMemory to false
1583857069823	Marionette	DEBUG	Setting recommended pref datareporting.policy.dataSubmissionPolicyAccepted to false
1583857069824	Marionette	DEBUG	Setting recommended pref dom.disable_beforeunload to true
1583857069824	Marionette	DEBUG	Setting recommended pref dom.push.connection.enabled to false
1583857069824	Marionette	DEBUG	Setting recommended pref privacy.trackingprotection.enabled to false
1583857069825	Marionette	DEBUG	Setting recommended pref security.certerrors.mitm.priming.enabled to false
1583857069825	Marionette	DEBUG	Setting recommended pref toolkit.cosmeticAnimations.enabled to false
1583857069874	Marionette	INFO	Listening on port 44743
1583857069875	Marionette	DEBUG	Marionette is listening
1583857069938	Marionette	DEBUG	Accepted connection 0 from 127.0.0.1:44654
1583857069942	Marionette	DEBUG	0 -> [0,1,"newSession",{"acceptInsecureCerts":true,"browserName":"firefox","capabilities":{"desiredCapabilities":{"acceptInsecureCerts":true,"browserName":"firefox"}}}]
1583857069943	Marionette	DEBUG	0 <- [1,1,{"error":"unknown command","message":"newSession","stacktrace":"WebDriverError@chrome://marionette/content/error.js:175: ... t@chrome://marionette/content/server.js:249:9\n_onJSONObjectReady/<@chrome://marionette/content/transport.js:501:20\n"},null]
Exiting due to channel error.
Exiting due to channel error.
Exiting due to channel error.
1583857083508	geckodriver	INFO	geckodriver 0.19.1
1583857083511	geckodriver	INFO	Listening on 127.0.0.1:39853
1583857084720	mozrunner::runner	INFO	Running command: "/usr/bin/firefox" "-marionette" "-profile" "/tmp/rust_mozprofile.Ir2gxdSF3Qrj"
1583857085447	addons.webextension.doh-rollout@mozilla.org	WARN	Loading extension 'doh-rollout@mozilla.org': Reading manifest: Invalid extension permission: networkStatus
1583857087036	addons.webextension.screenshots@mozilla.org	WARN	Loading extension 'screenshots@mozilla.org': Reading manifest: Invalid extension permission: mozillaAddons
1583857087036	addons.webextension.screenshots@mozilla.org	WARN	Loading extension 'screenshots@mozilla.org': Reading manifest: Invalid extension permission: telemetry
1583857087037	addons.webextension.screenshots@mozilla.org	WARN	Loading extension 'screenshots@mozilla.org': Reading manifest: Invalid extension permission: resource://pdf.js/
1583857087037	addons.webextension.screenshots@mozilla.org	WARN	Loading extension 'screenshots@mozilla.org': Reading manifest: Invalid extension permission: about:reader*
1583857087198	Marionette	TRACE	Received observer notification profile-after-change
1583857087241	Marionette	TRACE	Received observer notification command-line-startup
1583857087241	Marionette	DEBUG	Init aborted (running=false, enabled=true, finalUIStartup=false)

(firefox:8425): Gtk-WARNING **: 17:18:07.297: Theme file for DMZ-White has no directories
1583857087346	Marionette	TRACE	Received observer notification toplevel-window-ready
1583857089390	Marionette	TRACE	Received observer notification marionette-startup-requested
1583857089391	Marionette	TRACE	Waiting until startup recorder finished recording startup scripts...
1583857089526	Marionette	TRACE	All scripts recorded.
1583857089526	Marionette	DEBUG	Setting recommended pref app.update.disabledForTesting to true
1583857089527	Marionette	DEBUG	Setting recommended pref browser.contentblocking.introCount to 99
1583857089527	Marionette	DEBUG	Setting recommended pref browser.tabs.remote.separatePrivilegedContentProcess to false
1583857089527	Marionette	DEBUG	Setting recommended pref browser.tabs.unloadOnLowMemory to false
1583857089528	Marionette	DEBUG	Setting recommended pref datareporting.policy.dataSubmissionPolicyAccepted to false
1583857089528	Marionette	DEBUG	Setting recommended pref dom.disable_beforeunload to true
1583857089528	Marionette	DEBUG	Setting recommended pref dom.push.connection.enabled to false
1583857089528	Marionette	DEBUG	Setting recommended pref privacy.trackingprotection.enabled to false
1583857089529	Marionette	DEBUG	Setting recommended pref security.certerrors.mitm.priming.enabled to false
1583857089529	Marionette	DEBUG	Setting recommended pref toolkit.cosmeticAnimations.enabled to false
1583857089580	Marionette	INFO	Listening on port 42637
1583857089580	Marionette	DEBUG	Marionette is listening
1583857089658	Marionette	DEBUG	Accepted connection 0 from 127.0.0.1:38066
1583857089662	Marionette	DEBUG	0 -> [0,1,"newSession",{"acceptInsecureCerts":true,"browserName":"firefox","capabilities":{"desiredCapabilities":{"acceptInsecureCerts":true,"browserName":"firefox"}}}]
1583857089663	Marionette	DEBUG	0 <- [1,1,{"error":"unknown command","message":"newSession","stacktrace":"WebDriverError@chrome://marionette/content/error.js:175: ... t@chrome://marionette/content/server.js:249:9\n_onJSONObjectReady/<@chrome://marionette/content/transport.js:501:20\n"},null]
Exiting due to channel error.
Exiting due to channel error.
Exiting due to channel error.
1583857134269	geckodriver	INFO	geckodriver 0.19.1
1583857134274	geckodriver	INFO	Listening on 127.0.0.1:59013
1583857135460	mozrunner::runner	INFO	Running command: "/usr/bin/firefox" "-marionette" "-headless" "-profile" "/tmp/rust_mozprofile.jT0KZAJ7VwPR"
*** You are running in headless mode.
1583857136066	addons.webextension.doh-rollout@mozilla.org	WARN	Loading extension 'doh-rollout@mozilla.org': Reading manifest: Invalid extension permission: networkStatus
1583857137641	addons.webextension.screenshots@mozilla.org	WARN	Loading extension 'screenshots@mozilla.org': Reading manifest: Invalid extension permission: mozillaAddons
1583857137641	addons.webextension.screenshots@mozilla.org	WARN	Loading extension 'screenshots@mozilla.org': Reading manifest: Invalid extension permission: telemetry
1583857137641	addons.webextension.screenshots@mozilla.org	WARN	Loading extension 'screenshots@mozilla.org': Reading manifest: Invalid extension permission: resource://pdf.js/
1583857137641	addons.webextension.screenshots@mozilla.org	WARN	Loading extension 'screenshots@mozilla.org': Reading manifest: Invalid extension permission: about:reader*
1583857137934	Marionette	TRACE	Received observer notification profile-after-change
1583857137988	Marionette	TRACE	Received observer notification command-line-startup
1583857137989	Marionette	DEBUG	Init aborted (running=false, enabled=true, finalUIStartup=false)
1583857138075	Marionette	TRACE	Received observer notification toplevel-window-ready
1583857140491	Marionette	TRACE	Received observer notification marionette-startup-requested
1583857140492	Marionette	TRACE	Waiting until startup recorder finished recording startup scripts...
1583857140500	Marionette	TRACE	All scripts recorded.
1583857140501	Marionette	DEBUG	Setting recommended pref app.update.disabledForTesting to true
1583857140501	Marionette	DEBUG	Setting recommended pref browser.contentblocking.introCount to 99
1583857140502	Marionette	DEBUG	Setting recommended pref browser.tabs.remote.separatePrivilegedContentProcess to false
1583857140502	Marionette	DEBUG	Setting recommended pref browser.tabs.unloadOnLowMemory to false
1583857140502	Marionette	DEBUG	Setting recommended pref datareporting.policy.dataSubmissionPolicyAccepted to false
1583857140502	Marionette	DEBUG	Setting recommended pref dom.disable_beforeunload to true
1583857140502	Marionette	DEBUG	Setting recommended pref dom.push.connection.enabled to false
1583857140504	Marionette	DEBUG	Setting recommended pref privacy.trackingprotection.enabled to false
1583857140504	Marionette	DEBUG	Setting recommended pref security.certerrors.mitm.priming.enabled to false
1583857140504	Marionette	DEBUG	Setting recommended pref toolkit.cosmeticAnimations.enabled to false
1583857140565	Marionette	INFO	Listening on port 32909
1583857140565	Marionette	DEBUG	Marionette is listening
1583857140580	Marionette	DEBUG	Accepted connection 0 from 127.0.0.1:41528
1583857140584	Marionette	DEBUG	0 -> [0,1,"newSession",{"acceptInsecureCerts":true,"browserName":"firefox","capabilities":{"desiredCapabilities":{"acceptInsecureCerts":true,"browserName":"firefox"}}}]
1583857140584	Marionette	DEBUG	0 <- [1,1,{"error":"unknown command","message":"newSession","stacktrace":"WebDriverError@chrome://marionette/content/error.js:175: ... t@chrome://marionette/content/server.js:249:9\n_onJSONObjectReady/<@chrome://marionette/content/transport.js:501:20\n"},null]
Exiting due to channel error.
Exiting due to channel error.
Exiting due to channel error.
